{"C:\\Users\\filip\\OneDrive\\Documentos\\GitHub\\GCEIC26\\api\\src\\app.js": {"path":"C:\\Users\\filip\\OneDrive\\Documentos\\GitHub\\GCEIC26\\api\\src\\app.js","statementMap":{"0":{"start":{"line":1,"column":16},"end":{"line":1,"column":34}},"1":{"start":{"line":2,"column":13},"end":{"line":2,"column":28}},"2":{"start":{"line":3,"column":15},"end":{"line":3,"column":32}},"3":{"start":{"line":6,"column":47},"end":{"line":6,"column":67}},"4":{"start":{"line":8,"column":12},"end":{"line":8,"column":21}},"5":{"start":{"line":10,"column":0},"end":{"line":10,"column":18}},"6":{"start":{"line":11,"column":0},"end":{"line":11,"column":16}},"7":{"start":{"line":12,"column":0},"end":{"line":12,"column":24}},"8":{"start":{"line":17,"column":0},"end":{"line":19,"column":3}},"9":{"start":{"line":18,"column":2},"end":{"line":18,"column":92}},"10":{"start":{"line":22,"column":0},"end":{"line":30,"column":3}},"11":{"start":{"line":23,"column":2},"end":{"line":29,"column":5}},"12":{"start":{"line":35,"column":0},"end":{"line":52,"column":3}},"13":{"start":{"line":36,"column":2},"end":{"line":51,"column":3}},"14":{"start":{"line":37,"column":18},"end":{"line":37,"column":26}},"15":{"start":{"line":38,"column":4},"end":{"line":38,"column":56}},"16":{"start":{"line":40,"column":4},"end":{"line":42,"column":5}},"17":{"start":{"line":41,"column":6},"end":{"line":41,"column":77}},"18":{"start":{"line":44,"column":22},"end":{"line":44,"column":37}},"19":{"start":{"line":45,"column":4},"end":{"line":45,"column":41}},"20":{"start":{"line":46,"column":4},"end":{"line":46,"column":68}},"21":{"start":{"line":49,"column":4},"end":{"line":49,"column":29}},"22":{"start":{"line":50,"column":4},"end":{"line":50,"column":72}},"23":{"start":{"line":55,"column":0},"end":{"line":63,"column":3}},"24":{"start":{"line":56,"column":4},"end":{"line":62,"column":5}},"25":{"start":{"line":57,"column":35},"end":{"line":57,"column":43}},"26":{"start":{"line":58,"column":26},"end":{"line":58,"column":58}},"27":{"start":{"line":59,"column":8},"end":{"line":59,"column":40}},"28":{"start":{"line":61,"column":8},"end":{"line":61,"column":54}},"29":{"start":{"line":65,"column":0},"end":{"line":65,"column":21}}},"fnMap":{"0":{"name":"(anonymous_0)","decl":{"start":{"line":17,"column":19},"end":{"line":17,"column":20}},"loc":{"start":{"line":17,"column":33},"end":{"line":19,"column":1}},"line":17},"1":{"name":"(anonymous_1)","decl":{"start":{"line":22,"column":24},"end":{"line":22,"column":25}},"loc":{"start":{"line":22,"column":38},"end":{"line":30,"column":1}},"line":22},"2":{"name":"(anonymous_2)","decl":{"start":{"line":35,"column":26},"end":{"line":35,"column":27}},"loc":{"start":{"line":35,"column":40},"end":{"line":52,"column":1}},"line":35},"3":{"name":"(anonymous_3)","decl":{"start":{"line":55,"column":29},"end":{"line":55,"column":30}},"loc":{"start":{"line":55,"column":43},"end":{"line":63,"column":1}},"line":55}},"branchMap":{"0":{"loc":{"start":{"line":26,"column":12},"end":{"line":26,"column":55}},"type":"binary-expr","locations":[{"start":{"line":26,"column":12},"end":{"line":26,"column":37}},{"start":{"line":26,"column":41},"end":{"line":26,"column":55}}],"line":26},"1":{"loc":{"start":{"line":27,"column":18},"end":{"line":27,"column":85}},"type":"cond-expr","locations":[{"start":{"line":27,"column":39},"end":{"line":27,"column":68}},{"start":{"line":27,"column":71},"end":{"line":27,"column":85}}],"line":27},"2":{"loc":{"start":{"line":40,"column":4},"end":{"line":42,"column":5}},"type":"if","locations":[{"start":{"line":40,"column":4},"end":{"line":42,"column":5}},{"start":{},"end":{}}],"line":40},"3":{"loc":{"start":{"line":40,"column":8},"end":{"line":40,"column":43}},"type":"binary-expr","locations":[{"start":{"line":40,"column":8},"end":{"line":40,"column":14}},{"start":{"line":40,"column":18},"end":{"line":40,"column":43}}],"line":40}},"s":{"0":1,"1":1,"2":1,"3":1,"4":1,"5":1,"6":1,"7":1,"8":1,"9":1,"10":1,"11":1,"12":1,"13":0,"14":0,"15":0,"16":0,"17":0,"18":0,"19":0,"20":0,"21":0,"22":0,"23":1,"24":0,"25":0,"26":0,"27":0,"28":0,"29":1},"f":{"0":1,"1":1,"2":0,"3":0},"b":{"0":[1,0],"1":[1,0],"2":[0,0],"3":[0,0]},"_coverageSchema":"1a1c01bbd47fc00a2c39e90264f33305004495a9","hash":"5125981abcc850597d1cdd49163393f462e884f9"}
,"C:\\Users\\filip\\OneDrive\\Documentos\\GitHub\\GCEIC26\\api\\src\\funcoes.js": {"path":"C:\\Users\\filip\\OneDrive\\Documentos\\GitHub\\GCEIC26\\api\\src\\funcoes.js","statementMap":{"0":{"start":{"line":3,"column":15},"end":{"line":11,"column":1}},"1":{"start":{"line":14,"column":2},"end":{"line":14,"column":58}},"2":{"start":{"line":14,"column":17},"end":{"line":14,"column":58}},"3":{"start":{"line":15,"column":2},"end":{"line":15,"column":61}},"4":{"start":{"line":15,"column":18},"end":{"line":15,"column":61}},"5":{"start":{"line":16,"column":18},"end":{"line":16,"column":19}},"6":{"start":{"line":17,"column":2},"end":{"line":17,"column":28}},"7":{"start":{"line":18,"column":2},"end":{"line":18,"column":30}},"8":{"start":{"line":22,"column":2},"end":{"line":22,"column":21}},"9":{"start":{"line":23,"column":38},"end":{"line":23,"column":43}},"10":{"start":{"line":24,"column":2},"end":{"line":24,"column":60}},"11":{"start":{"line":24,"column":19},"end":{"line":24,"column":60}},"12":{"start":{"line":25,"column":2},"end":{"line":25,"column":62}},"13":{"start":{"line":25,"column":19},"end":{"line":25,"column":62}},"14":{"start":{"line":26,"column":18},"end":{"line":26,"column":19}},"15":{"start":{"line":27,"column":2},"end":{"line":27,"column":31}},"16":{"start":{"line":28,"column":2},"end":{"line":28,"column":30}},"17":{"start":{"line":33,"column":19},"end":{"line":37,"column":1}},"18":{"start":{"line":40,"column":4},"end":{"line":40,"column":32}},"19":{"start":{"line":40,"column":23},"end":{"line":40,"column":32}},"20":{"start":{"line":41,"column":4},"end":{"line":41,"column":33}},"21":{"start":{"line":41,"column":24},"end":{"line":41,"column":33}},"22":{"start":{"line":42,"column":4},"end":{"line":42,"column":34}},"23":{"start":{"line":42,"column":24},"end":{"line":42,"column":34}},"24":{"start":{"line":43,"column":4},"end":{"line":43,"column":14}},"25":{"start":{"line":47,"column":4},"end":{"line":47,"column":69}},"26":{"start":{"line":47,"column":27},"end":{"line":47,"column":69}},"27":{"start":{"line":49,"column":23},"end":{"line":49,"column":50}},"28":{"start":{"line":50,"column":23},"end":{"line":50,"column":39}},"29":{"start":{"line":51,"column":21},"end":{"line":51,"column":55}},"30":{"start":{"line":53,"column":4},"end":{"line":58,"column":6}},"31":{"start":{"line":62,"column":0},"end":{"line":68,"column":2}}},"fnMap":{"0":{"name":"calcularArea","decl":{"start":{"line":13,"column":9},"end":{"line":13,"column":21}},"loc":{"start":{"line":13,"column":35},"end":{"line":19,"column":1}},"line":13},"1":{"name":"calcular","decl":{"start":{"line":21,"column":9},"end":{"line":21,"column":17}},"loc":{"start":{"line":21,"column":25},"end":{"line":29,"column":1}},"line":21},"2":{"name":"encontrarPotencia","decl":{"start":{"line":39,"column":9},"end":{"line":39,"column":26}},"loc":{"start":{"line":39,"column":37},"end":{"line":44,"column":1}},"line":39},"3":{"name":"calcularCustoKit","decl":{"start":{"line":46,"column":9},"end":{"line":46,"column":25}},"loc":{"start":{"line":46,"column":42},"end":{"line":59,"column":1}},"line":46}},"branchMap":{"0":{"loc":{"start":{"line":14,"column":2},"end":{"line":14,"column":58}},"type":"if","locations":[{"start":{"line":14,"column":2},"end":{"line":14,"column":58}},{"start":{},"end":{}}],"line":14},"1":{"loc":{"start":{"line":15,"column":2},"end":{"line":15,"column":61}},"type":"if","locations":[{"start":{"line":15,"column":2},"end":{"line":15,"column":61}},{"start":{},"end":{}}],"line":15},"2":{"loc":{"start":{"line":23,"column":9},"end":{"line":23,"column":19}},"type":"default-arg","locations":[{"start":{"line":23,"column":18},"end":{"line":23,"column":19}}],"line":23},"3":{"loc":{"start":{"line":23,"column":21},"end":{"line":23,"column":32}},"type":"default-arg","locations":[{"start":{"line":23,"column":31},"end":{"line":23,"column":32}}],"line":23},"4":{"loc":{"start":{"line":24,"column":2},"end":{"line":24,"column":60}},"type":"if","locations":[{"start":{"line":24,"column":2},"end":{"line":24,"column":60}},{"start":{},"end":{}}],"line":24},"5":{"loc":{"start":{"line":25,"column":2},"end":{"line":25,"column":62}},"type":"if","locations":[{"start":{"line":25,"column":2},"end":{"line":25,"column":62}},{"start":{},"end":{}}],"line":25},"6":{"loc":{"start":{"line":40,"column":4},"end":{"line":40,"column":32}},"type":"if","locations":[{"start":{"line":40,"column":4},"end":{"line":40,"column":32}},{"start":{},"end":{}}],"line":40},"7":{"loc":{"start":{"line":41,"column":4},"end":{"line":41,"column":33}},"type":"if","locations":[{"start":{"line":41,"column":4},"end":{"line":41,"column":33}},{"start":{},"end":{}}],"line":41},"8":{"loc":{"start":{"line":42,"column":4},"end":{"line":42,"column":34}},"type":"if","locations":[{"start":{"line":42,"column":4},"end":{"line":42,"column":34}},{"start":{},"end":{}}],"line":42},"9":{"loc":{"start":{"line":47,"column":4},"end":{"line":47,"column":69}},"type":"if","locations":[{"start":{"line":47,"column":4},"end":{"line":47,"column":69}},{"start":{},"end":{}}],"line":47}},"s":{"0":2,"1":4,"2":2,"3":2,"4":1,"5":1,"6":1,"7":1,"8":0,"9":0,"10":0,"11":0,"12":0,"13":0,"14":0,"15":0,"16":0,"17":2,"18":2,"19":2,"20":0,"21":0,"22":0,"23":0,"24":0,"25":2,"26":1,"27":1,"28":1,"29":1,"30":1,"31":2},"f":{"0":4,"1":0,"2":2,"3":2},"b":{"0":[2,2],"1":[1,1],"2":[0],"3":[0],"4":[0,0],"5":[0,0],"6":[2,0],"7":[0,0],"8":[0,0],"9":[1,1]},"_coverageSchema":"1a1c01bbd47fc00a2c39e90264f33305004495a9","hash":"c87abda3f12746ec1efcbe5cfea8588641b6b69b"}
}
