TN:
SF:src\app.js
FN:17,(anonymous_0)
FN:22,(anonymous_1)
FN:35,(anonymous_2)
FN:55,(anonymous_3)
FNF:4
FNH:2
FNDA:1,(anonymous_0)
FNDA:1,(anonymous_1)
FNDA:0,(anonymous_2)
FNDA:0,(anonymous_3)
DA:1,1
DA:2,1
DA:3,1
DA:6,1
DA:8,1
DA:10,1
DA:11,1
DA:12,1
DA:17,1
DA:18,1
DA:22,1
DA:23,1
DA:35,1
DA:36,0
DA:37,0
DA:38,0
DA:40,0
DA:41,0
DA:44,0
DA:45,0
DA:46,0
DA:49,0
DA:50,0
DA:55,1
DA:56,0
DA:57,0
DA:58,0
DA:59,0
DA:61,0
DA:65,1
LF:30
LH:15
BRDA:26,0,0,1
BRDA:26,0,1,0
BRDA:27,1,0,1
BRDA:27,1,1,0
BRDA:40,2,0,0
BRDA:40,2,1,0
BRDA:40,3,0,0
BRDA:40,3,1,0
BRF:8
BRH:2
end_of_record
TN:
SF:src\funcoes.js
FN:13,calcularArea
FN:21,calcular
FN:39,encontrarPotencia
FN:46,calcularCustoKit
FNF:4
FNH:3
FNDA:4,calcularArea
FNDA:0,calcular
FNDA:2,encontrarPotencia
FNDA:2,calcularCustoKit
DA:3,2
DA:14,4
DA:15,2
DA:16,1
DA:17,1
DA:18,1
DA:22,0
DA:23,0
DA:24,0
DA:25,0
DA:26,0
DA:27,0
DA:28,0
DA:33,2
DA:40,2
DA:41,0
DA:42,0
DA:43,0
DA:47,2
DA:49,1
DA:50,1
DA:51,1
DA:53,1
DA:62,2
LF:24
LH:14
BRDA:14,0,0,2
BRDA:14,0,1,2
BRDA:15,1,0,1
BRDA:15,1,1,1
BRDA:23,2,0,0
BRDA:23,3,0,0
BRDA:24,4,0,0
BRDA:24,4,1,0
BRDA:25,5,0,0
BRDA:25,5,1,0
BRDA:40,6,0,2
BRDA:40,6,1,0
BRDA:41,7,0,0
BRDA:41,7,1,0
BRDA:42,8,0,0
BRDA:42,8,1,0
BRDA:47,9,0,1
BRDA:47,9,1,1
BRF:18
BRH:7
end_of_record
